x = 9, t = 0, estimated_value = 0.0519481, Execution time: 21.573 seconds.
Updated CSV with x = 9, t = 0, estimated_value = 0.0519481
x = 9, t = 0.1, estimated_value = 0.0502773, Execution time: 27.3561 seconds.
Updated CSV with x = 9, t = 0.1, estimated_value = 0.0502773
x = 9, t = 0.2, estimated_value = 0.0486742, Execution time: 34.0931 seconds.
Updated CSV with x = 9, t = 0.2, estimated_value = 0.0486742
x = 9, t = 0.3, estimated_value = 0.0471723, Execution time: 41.8672 seconds.
Updated CSV with x = 9, t = 0.3, estimated_value = 0.0471723
x = 9, t = 0.4, estimated_value = 0.0457039, Execution time: 50.9704 seconds.
Updated CSV with x = 9, t = 0.4, estimated_value = 0.0457039
x = 9, t = 0.5, estimated_value = 0.0443342, Execution time: 61.4813 seconds.
Updated CSV with x = 9, t = 0.5, estimated_value = 0.0443342
x = 9, t = 0.6, estimated_value = 0.043034, Execution time: 73.7073 seconds.
Updated CSV with x = 9, t = 0.6, estimated_value = 0.043034
x = 9, t = 0.7, estimated_value = 0.0417681, Execution time: 87.9253 seconds.
Updated CSV with x = 9, t = 0.7, estimated_value = 0.0417681
x = 9, t = 0.8, estimated_value = 0.0405466, Execution time: 104.495 seconds.
Updated CSV with x = 9, t = 0.8, estimated_value = 0.0405466
x = 9, t = 0.9, estimated_value = 0.0393891, Execution time: 123.679 seconds.
Updated CSV with x = 9, t = 0.9, estimated_value = 0.0393891
x = 9, t = 1, estimated_value = 0.0383108, Execution time: 145.9 seconds.
Updated CSV with x = 9, t = 1, estimated_value = 0.0383108
x = 9, t = 1.1, estimated_value = 0.0372226, Execution time: 171.986 seconds.
Updated CSV with x = 9, t = 1.1, estimated_value = 0.0372226
x = 9, t = 1.2, estimated_value = 0.0362362, Execution time: 202.068 seconds.
Updated CSV with x = 9, t = 1.2, estimated_value = 0.0362362
x = 9, t = 1.3, estimated_value = 0.0352196, Execution time: 237.203 seconds.
Updated CSV with x = 9, t = 1.3, estimated_value = 0.0352196
x = 9, t = 1.4, estimated_value = 0.034329, Execution time: 277.673 seconds.
Updated CSV with x = 9, t = 1.4, estimated_value = 0.034329
x = 9, t = 1.5, estimated_value = 0.0334141, Execution time: 324.84 seconds.
Updated CSV with x = 9, t = 1.5, estimated_value = 0.0334141
x = 9, t = 1.6, estimated_value = 0.0325636, Execution time: 379.488 seconds.
Updated CSV with x = 9, t = 1.6, estimated_value = 0.0325636
x = 9, t = 1.7, estimated_value = 0.0317157, Execution time: 443.62 seconds.
Updated CSV with x = 9, t = 1.7, estimated_value = 0.0317157
x = 9, t = 1.8, estimated_value = 0.0309655, Execution time: 517.393 seconds.
Updated CSV with x = 9, t = 1.8, estimated_value = 0.0309655
x = 9, t = 1.9, estimated_value = 0.0301835, Execution time: 603.261 seconds.
Updated CSV with x = 9, t = 1.9, estimated_value = 0.0301835
x = 9, t = 2, estimated_value = 0.0294285, Execution time: 703.859 seconds.
Updated CSV with x = 9, t = 2, estimated_value = 0.0294285
x = 9, t = 2.1, estimated_value = 0.0287165, Execution time: 819.72 seconds.
Updated CSV with x = 9, t = 2.1, estimated_value = 0.0287165
x = 9, t = 2.2, estimated_value = 0.0280155, Execution time: 954.903 seconds.
Updated CSV with x = 9, t = 2.2, estimated_value = 0.0280155
x = 9, t = 2.3, estimated_value = 0.0274215, Execution time: 1111.47 seconds.
Updated CSV with x = 9, t = 2.3, estimated_value = 0.0274215
x = 9, t = 2.4, estimated_value = 0.0267394, Execution time: 1293.25 seconds.
Updated CSV with x = 9, t = 2.4, estimated_value = 0.0267394
x = 9, t = 2.5, estimated_value = 0.0261116, Execution time: 1505.5 seconds.
Updated CSV with x = 9, t = 2.5, estimated_value = 0.0261116
x = 9, t = 2.6, estimated_value = 0.0255769, Execution time: 1750.62 seconds.
Updated CSV with x = 9, t = 2.6, estimated_value = 0.0255769
x = 9, t = 2.7, estimated_value = 0.024953, Execution time: 2037.73 seconds.
Updated CSV with x = 9, t = 2.7, estimated_value = 0.024953
x = 9, t = 2.8, estimated_value = 0.0243507, Execution time: 2368.65 seconds.
Updated CSV with x = 9, t = 2.8, estimated_value = 0.0243507
x = 9, t = 2.9, estimated_value = 0.0238326, Execution time: 2755.36 seconds.
Updated CSV with x = 9, t = 2.9, estimated_value = 0.0238326
x = 9, t = 3, estimated_value = 0.0234665, Execution time: 3200.12 seconds.
Updated CSV with x = 9, t = 3, estimated_value = 0.0234665
x = 9, t = 3.1, estimated_value = 0.0229311, Execution time: 3722.4 seconds.
Updated CSV with x = 9, t = 3.1, estimated_value = 0.0229311
x = 9, t = 3.2, estimated_value = 0.0223607, Execution time: 4326.42 seconds.
Updated CSV with x = 9, t = 3.2, estimated_value = 0.0223607
x = 9, t = 3.3, estimated_value = 0.0218045, Execution time: 5030.19 seconds.
Updated CSV with x = 9, t = 3.3, estimated_value = 0.0218045
x = 9, t = 3.4, estimated_value = 0.0214134, Execution time: 5845.52 seconds.
Updated CSV with x = 9, t = 3.4, estimated_value = 0.0214134
x = 9, t = 3.5, estimated_value = 0.0208596, Execution time: 6795.54 seconds.
Updated CSV with x = 9, t = 3.5, estimated_value = 0.0208596
x = 9, t = 3.6, estimated_value = 0.0206979, Execution time: 7898.54 seconds.
Updated CSV with x = 9, t = 3.6, estimated_value = 0.0206979
x = 9, t = 3.7, estimated_value = 0.020152, Execution time: 9179.14 seconds.
Updated CSV with x = 9, t = 3.7, estimated_value = 0.020152
x = 9, t = 3.8, estimated_value = 0.0199864, Execution time: 10664.1 seconds.
Updated CSV with x = 9, t = 3.8, estimated_value = 0.0199864
x = 9, t = 3.9, estimated_value = 0.0196979, Execution time: 12398.3 seconds.
Updated CSV with x = 9, t = 3.9, estimated_value = 0.0196979
x = 9, t = 4, estimated_value = 0.0190389, Execution time: 14397 seconds.
Updated CSV with x = 9, t = 4, estimated_value = 0.0190389
x = 9, t = 4.1, estimated_value = 0.0182627, Execution time: 16733.1 seconds.
Updated CSV with x = 9, t = 4.1, estimated_value = 0.0182627
x = 9, t = 4.2, estimated_value = 0.0195442, Execution time: 19458 seconds.
Updated CSV with x = 9, t = 4.2, estimated_value = 0.0195442
x = 9, t = 4.3, estimated_value = 0.0178951, Execution time: 22596.1 seconds.
Updated CSV with x = 9, t = 4.3, estimated_value = 0.0178951
x = 9, t = 4.4, estimated_value = 0.017543, Execution time: 26253.5 seconds.
Updated CSV with x = 9, t = 4.4, estimated_value = 0.017543
x = 9, t = 4.5, estimated_value = 0.0178514, Execution time: 30503.8 seconds.
Updated CSV with x = 9, t = 4.5, estimated_value = 0.0178514
x = 9, t = 4.6, estimated_value = 0.0170655, Execution time: 35445.3 seconds.
Updated CSV with x = 9, t = 4.6, estimated_value = 0.0170655
x = 9, t = 4.7, estimated_value = 0.017846, Execution time: 41195.4 seconds.
Updated CSV with x = 9, t = 4.7, estimated_value = 0.017846
x = 9, t = 4.8, estimated_value = 0.0128468, Execution time: 47817.9 seconds.
Updated CSV with x = 9, t = 4.8, estimated_value = 0.0128468
x = 9, t = 4.9, estimated_value = 0.017051, Execution time: 55580.3 seconds.
Updated CSV with x = 9, t = 4.9, estimated_value = 0.017051
x = 9, t = 5, estimated_value = 0.0152169, Execution time: 64597 seconds.
Updated CSV with x = 9, t = 5, estimated_value = 0.0152169
