z = -1 + 0 * i, t = 0, estimated_value u(z,t) = 0 + -0.43255 * i, Execution time: 4.42368 seconds.
Sample variance (real, imag) = 0, 1.81428e-22.
Updated CSV file name: '../Simulation_04/results/monte_carlo_mean.csv'.
Updated CSV file name: '../Simulation_04/results/monte_carlo_variance.csv'.
Updated CSV file name: '../Simulation_04/results/monte_carlo_runtime.csv'.
z = -1 + 0 * i, t = 0.1, estimated_value u(z,t) = -0.0965944 + -0.429158 * i, Execution time: 4.59871 seconds.
Sample variance (real, imag) = 0.000452181, 0.0104805.
Updated CSV file name: '../Simulation_04/results/monte_carlo_mean.csv'.
Updated CSV file name: '../Simulation_04/results/monte_carlo_variance.csv'.
Updated CSV file name: '../Simulation_04/results/monte_carlo_runtime.csv'.
z = -1 + 0 * i, t = 0.2, estimated_value u(z,t) = -0.191207 + -0.419142 * i, Execution time: 4.94148 seconds.
Sample variance (real, imag) = 0.0041212, 0.0272968.
Updated CSV file name: '../Simulation_04/results/monte_carlo_mean.csv'.
Updated CSV file name: '../Simulation_04/results/monte_carlo_variance.csv'.
Updated CSV file name: '../Simulation_04/results/monte_carlo_runtime.csv'.
z = -1 + 0 * i, t = 0.3, estimated_value u(z,t) = -0.282031 + -0.403248 * i, Execution time: 5.15126 seconds.
Sample variance (real, imag) = 0.0156488, 0.0517344.
Updated CSV file name: '../Simulation_04/results/monte_carlo_mean.csv'.
Updated CSV file name: '../Simulation_04/results/monte_carlo_variance.csv'.
Updated CSV file name: '../Simulation_04/results/monte_carlo_runtime.csv'.
z = -1 + 0 * i, t = 0.4, estimated_value u(z,t) = -0.367653 + -0.382346 * i, Execution time: 5.6684 seconds.
Sample variance (real, imag) = 0.041205, 0.0854123.
Updated CSV file name: '../Simulation_04/results/monte_carlo_mean.csv'.
Updated CSV file name: '../Simulation_04/results/monte_carlo_variance.csv'.
Updated CSV file name: '../Simulation_04/results/monte_carlo_runtime.csv'.
z = -1 + 0 * i, t = 0.5, estimated_value u(z,t) = -0.446877 + -0.357789 * i, Execution time: 5.94409 seconds.
Sample variance (real, imag) = 0.0885518, 0.129964.
Updated CSV file name: '../Simulation_04/results/monte_carlo_mean.csv'.
Updated CSV file name: '../Simulation_04/results/monte_carlo_variance.csv'.
Updated CSV file name: '../Simulation_04/results/monte_carlo_runtime.csv'.
z = -1 + 0 * i, t = 0.6, estimated_value u(z,t) = -0.51901 + -0.330657 * i, Execution time: 6.4208 seconds.
Sample variance (real, imag) = 0.166857, 0.189117.
Updated CSV file name: '../Simulation_04/results/monte_carlo_mean.csv'.
Updated CSV file name: '../Simulation_04/results/monte_carlo_variance.csv'.
Updated CSV file name: '../Simulation_04/results/monte_carlo_runtime.csv'.
z = -1 + 0 * i, t = 0.7, estimated_value u(z,t) = -0.584142 + -0.302272 * i, Execution time: 6.43994 seconds.
Sample variance (real, imag) = 0.287174, 0.268976.
Updated CSV file name: '../Simulation_04/results/monte_carlo_mean.csv'.
Updated CSV file name: '../Simulation_04/results/monte_carlo_variance.csv'.
Updated CSV file name: '../Simulation_04/results/monte_carlo_runtime.csv'.
z = -1 + 0 * i, t = 0.8, estimated_value u(z,t) = -0.641597 + -0.273209 * i, Execution time: 6.4877 seconds.
Sample variance (real, imag) = 0.464145, 0.382111.
Updated CSV file name: '../Simulation_04/results/monte_carlo_mean.csv'.
Updated CSV file name: '../Simulation_04/results/monte_carlo_variance.csv'.
Updated CSV file name: '../Simulation_04/results/monte_carlo_runtime.csv'.
z = -1 + 0 * i, t = 0.9, estimated_value u(z,t) = -0.692441 + -0.245167 * i, Execution time: 7.09669 seconds.
Sample variance (real, imag) = 0.716868, 0.54815.
Updated CSV file name: '../Simulation_04/results/monte_carlo_mean.csv'.
Updated CSV file name: '../Simulation_04/results/monte_carlo_variance.csv'.
Updated CSV file name: '../Simulation_04/results/monte_carlo_runtime.csv'.
z = -1 + 0 * i, t = 1, estimated_value u(z,t) = -0.736841 + -0.217901 * i, Execution time: 7.16416 seconds.
Sample variance (real, imag) = 1.08089, 0.813699.
Updated CSV file name: '../Simulation_04/results/monte_carlo_mean.csv'.
Updated CSV file name: '../Simulation_04/results/monte_carlo_variance.csv'.
Updated CSV file name: '../Simulation_04/results/monte_carlo_runtime.csv'.
z = -1 + 0 * i, t = 1.1, estimated_value u(z,t) = -0.774671 + -0.192699 * i, Execution time: 8.09112 seconds.
Sample variance (real, imag) = 1.62877, 1.27193.
Updated CSV file name: '../Simulation_04/results/monte_carlo_mean.csv'.
Updated CSV file name: '../Simulation_04/results/monte_carlo_variance.csv'.
Updated CSV file name: '../Simulation_04/results/monte_carlo_runtime.csv'.
z = -1 + 0 * i, t = 1.2, estimated_value u(z,t) = -0.808142 + -0.16915 * i, Execution time: 8.14881 seconds.
Sample variance (real, imag) = 2.53813, 2.15203.
Updated CSV file name: '../Simulation_04/results/monte_carlo_mean.csv'.
Updated CSV file name: '../Simulation_04/results/monte_carlo_variance.csv'.
Updated CSV file name: '../Simulation_04/results/monte_carlo_runtime.csv'.
z = -1 + 0 * i, t = 1.3, estimated_value u(z,t) = -0.836231 + -0.146504 * i, Execution time: 8.51246 seconds.
Sample variance (real, imag) = 4.39585, 4.11876.
Updated CSV file name: '../Simulation_04/results/monte_carlo_mean.csv'.
Updated CSV file name: '../Simulation_04/results/monte_carlo_variance.csv'.
Updated CSV file name: '../Simulation_04/results/monte_carlo_runtime.csv'.
z = -1 + 0 * i, t = 1.4, estimated_value u(z,t) = -0.85943 + -0.129578 * i, Execution time: 8.63761 seconds.
Sample variance (real, imag) = 9.98606, 10.2061.
Updated CSV file name: '../Simulation_04/results/monte_carlo_mean.csv'.
Updated CSV file name: '../Simulation_04/results/monte_carlo_variance.csv'.
Updated CSV file name: '../Simulation_04/results/monte_carlo_runtime.csv'.
z = -1 + 0 * i, t = 1.5, estimated_value u(z,t) = -0.881941 + -0.111195 * i, Execution time: 9.07846 seconds.
Sample variance (real, imag) = 40.3686, 42.4172.
Updated CSV file name: '../Simulation_04/results/monte_carlo_mean.csv'.
Updated CSV file name: '../Simulation_04/results/monte_carlo_variance.csv'.
Updated CSV file name: '../Simulation_04/results/monte_carlo_runtime.csv'.
z = -1 + 0 * i, t = 1.6, estimated_value u(z,t) = -0.907054 + -0.0895953 * i, Execution time: 9.51462 seconds.
Sample variance (real, imag) = 839.085, 568.402.
Updated CSV file name: '../Simulation_04/results/monte_carlo_mean.csv'.
Updated CSV file name: '../Simulation_04/results/monte_carlo_variance.csv'.
Updated CSV file name: '../Simulation_04/results/monte_carlo_runtime.csv'.
z = -1 + 0 * i, t = 1.7, estimated_value u(z,t) = -0.94422 + -0.0926842 * i, Execution time: 9.69669 seconds.
Sample variance (real, imag) = 99633.5, 80389.9.
Updated CSV file name: '../Simulation_04/results/monte_carlo_mean.csv'.
Updated CSV file name: '../Simulation_04/results/monte_carlo_variance.csv'.
Updated CSV file name: '../Simulation_04/results/monte_carlo_runtime.csv'.
z = -1 + 0 * i, t = 1.8, estimated_value u(z,t) = -0.414096 + 3.45733 * i, Execution time: 10.0408 seconds.
Sample variance (real, imag) = 4.56379e+07, 5.06438e+07.
Updated CSV file name: '../Simulation_04/results/monte_carlo_mean.csv'.
Updated CSV file name: '../Simulation_04/results/monte_carlo_variance.csv'.
Updated CSV file name: '../Simulation_04/results/monte_carlo_runtime.csv'.
z = -1 + 0 * i, t = 1.9, estimated_value u(z,t) = -23.9444 + -81.4681 * i, Execution time: 10.7923 seconds.
Sample variance (real, imag) = 6.71337e+09, 5.27685e+10.
Updated CSV file name: '../Simulation_04/results/monte_carlo_mean.csv'.
Updated CSV file name: '../Simulation_04/results/monte_carlo_variance.csv'.
Updated CSV file name: '../Simulation_04/results/monte_carlo_runtime.csv'.
z = -1 + 0 * i, t = 2, estimated_value u(z,t) = 14677.5 + 521.347 * i, Execution time: 11.7512 seconds.
Sample variance (real, imag) = 2.37336e+15, 7.00771e+13.
Updated CSV file name: '../Simulation_04/results/monte_carlo_mean.csv'.
Updated CSV file name: '../Simulation_04/results/monte_carlo_variance.csv'.
Updated CSV file name: '../Simulation_04/results/monte_carlo_runtime.csv'.
z = -1 + 0 * i, t = 2.1, estimated_value u(z,t) = 5335.5 + 12987.1 * i, Execution time: 11.8153 seconds.
Sample variance (real, imag) = 3.58124e+14, 1.96507e+15.
Updated CSV file name: '../Simulation_04/results/monte_carlo_mean.csv'.
Updated CSV file name: '../Simulation_04/results/monte_carlo_variance.csv'.
Updated CSV file name: '../Simulation_04/results/monte_carlo_runtime.csv'.
z = -1 + 0 * i, t = 2.2, estimated_value u(z,t) = 1.87221e+06 + -15621.4 * i, Execution time: 12.4782 seconds.
Sample variance (real, imag) = 2.71339e+19, 9.30108e+18.
Updated CSV file name: '../Simulation_04/results/monte_carlo_mean.csv'.
Updated CSV file name: '../Simulation_04/results/monte_carlo_variance.csv'.
Updated CSV file name: '../Simulation_04/results/monte_carlo_runtime.csv'.
z = -1 + 0 * i, t = 2.3, estimated_value u(z,t) = 1.81152e+08 + 9.07048e+07 * i, Execution time: 13.3005 seconds.
Sample variance (real, imag) = 1.78772e+23, 1.74373e+23.
Updated CSV file name: '../Simulation_04/results/monte_carlo_mean.csv'.
Updated CSV file name: '../Simulation_04/results/monte_carlo_variance.csv'.
Updated CSV file name: '../Simulation_04/results/monte_carlo_runtime.csv'.
z = -1 + 0 * i, t = 2.4, estimated_value u(z,t) = 3.17869e+14 + 8.55892e+14 * i, Execution time: 13.6145 seconds.
Sample variance (real, imag) = 1.01044e+36, 7.32555e+36.
Updated CSV file name: '../Simulation_04/results/monte_carlo_mean.csv'.
Updated CSV file name: '../Simulation_04/results/monte_carlo_variance.csv'.
Updated CSV file name: '../Simulation_04/results/monte_carlo_runtime.csv'.
z = -1 + 0 * i, t = 2.5, estimated_value u(z,t) = 1.39035e+10 + -5.72453e+09 * i, Execution time: 14.3103 seconds.
Sample variance (real, imag) = 6.99767e+26, 1.7317e+26.
Updated CSV file name: '../Simulation_04/results/monte_carlo_mean.csv'.
Updated CSV file name: '../Simulation_04/results/monte_carlo_variance.csv'.
Updated CSV file name: '../Simulation_04/results/monte_carlo_runtime.csv'.
z = -1 + 0 * i, t = 2.6, estimated_value u(z,t) = -3.01626e+13 + -1.05553e+14 * i, Execution time: 14.6815 seconds.
Sample variance (real, imag) = 9.14728e+33, 1.11403e+35.
Updated CSV file name: '../Simulation_04/results/monte_carlo_mean.csv'.
Updated CSV file name: '../Simulation_04/results/monte_carlo_variance.csv'.
Updated CSV file name: '../Simulation_04/results/monte_carlo_runtime.csv'.
z = -1 + 0 * i, t = 2.7, estimated_value u(z,t) = -4.63187e+17 + 6.05564e+16 * i, Execution time: 15.6831 seconds.
Sample variance (real, imag) = 2.188e+42, 3.40537e+40.
Updated CSV file name: '../Simulation_04/results/monte_carlo_mean.csv'.
Updated CSV file name: '../Simulation_04/results/monte_carlo_variance.csv'.
Updated CSV file name: '../Simulation_04/results/monte_carlo_runtime.csv'.
z = -1 + 0 * i, t = 2.8, estimated_value u(z,t) = 3.45801e+19 + -4.3068e+19 * i, Execution time: 15.698 seconds.
Sample variance (real, imag) = 1.24961e+46, 1.82622e+46.
Updated CSV file name: '../Simulation_04/results/monte_carlo_mean.csv'.
Updated CSV file name: '../Simulation_04/results/monte_carlo_variance.csv'.
Updated CSV file name: '../Simulation_04/results/monte_carlo_runtime.csv'.
z = -1 + 0 * i, t = 2.9, estimated_value u(z,t) = -1.99838e+18 + -9.73198e+17 * i, Execution time: 16.9548 seconds.
Sample variance (real, imag) = 3.89958e+43, 2.06506e+44.
Updated CSV file name: '../Simulation_04/results/monte_carlo_mean.csv'.
Updated CSV file name: '../Simulation_04/results/monte_carlo_variance.csv'.
Updated CSV file name: '../Simulation_04/results/monte_carlo_runtime.csv'.
z = -1 + 0 * i, t = 3, estimated_value u(z,t) = -6.56811e+23 + 2.22386e+22 * i, Execution time: 18.0245 seconds.
Sample variance (real, imag) = 1.00769e+55, 1.27196e+53.
Updated CSV file name: '../Simulation_04/results/monte_carlo_mean.csv'.
Updated CSV file name: '../Simulation_04/results/monte_carlo_variance.csv'.
Updated CSV file name: '../Simulation_04/results/monte_carlo_runtime.csv'.
