z_1 = -1 + 0 * i, z_2 = -1 + 0 * i, t = 0, estimated_value u(z,t) = 0 + -0.651388 * i, Execution time: 4.38606 seconds.
Sample variance (real, imag) = 0, 1.05185e-20.
Updated CSV file name: '../Simulation_06/results/monte_carlo_mean.csv'.
Updated CSV file name: '../Simulation_06/results/monte_carlo_variance.csv'.
Updated CSV file name: '../Simulation_06/results/monte_carlo_runtime.csv'.
z_1 = -1 + 0 * i, z_2 = -1 + 0 * i, t = 0.1, estimated_value u(z,t) = -0.115682 + -0.645193 * i, Execution time: 4.63043 seconds.
Sample variance (real, imag) = 0.00524743, 0.0220295.
Updated CSV file name: '../Simulation_06/results/monte_carlo_mean.csv'.
Updated CSV file name: '../Simulation_06/results/monte_carlo_variance.csv'.
Updated CSV file name: '../Simulation_06/results/monte_carlo_runtime.csv'.
z_1 = -1 + 0 * i, z_2 = -1 + 0 * i, t = 0.2, estimated_value u(z,t) = -0.227999 + -0.627165 * i, Execution time: 5.08185 seconds.
Sample variance (real, imag) = 0.0249586, 0.0614035.
Updated CSV file name: '../Simulation_06/results/monte_carlo_mean.csv'.
Updated CSV file name: '../Simulation_06/results/monte_carlo_variance.csv'.
Updated CSV file name: '../Simulation_06/results/monte_carlo_runtime.csv'.
z_1 = -1 + 0 * i, z_2 = -1 + 0 * i, t = 0.3, estimated_value u(z,t) = -0.333924 + -0.599113 * i, Execution time: 4.98203 seconds.
Sample variance (real, imag) = 0.0675827, 0.121524.
Updated CSV file name: '../Simulation_06/results/monte_carlo_mean.csv'.
Updated CSV file name: '../Simulation_06/results/monte_carlo_variance.csv'.
Updated CSV file name: '../Simulation_06/results/monte_carlo_runtime.csv'.
z_1 = -1 + 0 * i, z_2 = -1 + 0 * i, t = 0.4, estimated_value u(z,t) = -0.431124 + -0.562803 * i, Execution time: 5.42471 seconds.
Sample variance (real, imag) = 0.145141, 0.206385.
Updated CSV file name: '../Simulation_06/results/monte_carlo_mean.csv'.
Updated CSV file name: '../Simulation_06/results/monte_carlo_variance.csv'.
Updated CSV file name: '../Simulation_06/results/monte_carlo_runtime.csv'.
z_1 = -1 + 0 * i, z_2 = -1 + 0 * i, t = 0.5, estimated_value u(z,t) = -0.518277 + -0.520778 * i, Execution time: 5.52294 seconds.
Sample variance (real, imag) = 0.273442, 0.321868.
Updated CSV file name: '../Simulation_06/results/monte_carlo_mean.csv'.
Updated CSV file name: '../Simulation_06/results/monte_carlo_variance.csv'.
Updated CSV file name: '../Simulation_06/results/monte_carlo_runtime.csv'.
z_1 = -1 + 0 * i, z_2 = -1 + 0 * i, t = 0.6, estimated_value u(z,t) = -0.594405 + -0.475303 * i, Execution time: 6.55624 seconds.
Sample variance (real, imag) = 0.473075, 0.481106.
Updated CSV file name: '../Simulation_06/results/monte_carlo_mean.csv'.
Updated CSV file name: '../Simulation_06/results/monte_carlo_variance.csv'.
Updated CSV file name: '../Simulation_06/results/monte_carlo_runtime.csv'.
z_1 = -1 + 0 * i, z_2 = -1 + 0 * i, t = 0.7, estimated_value u(z,t) = -0.660883 + -0.429052 * i, Execution time: 6.2615 seconds.
Sample variance (real, imag) = 0.772351, 0.712467.
Updated CSV file name: '../Simulation_06/results/monte_carlo_mean.csv'.
Updated CSV file name: '../Simulation_06/results/monte_carlo_variance.csv'.
Updated CSV file name: '../Simulation_06/results/monte_carlo_runtime.csv'.
z_1 = -1 + 0 * i, z_2 = -1 + 0 * i, t = 0.8, estimated_value u(z,t) = -0.71684 + -0.383293 * i, Execution time: 6.10777 seconds.
Sample variance (real, imag) = 1.22669, 1.08176.
Updated CSV file name: '../Simulation_06/results/monte_carlo_mean.csv'.
Updated CSV file name: '../Simulation_06/results/monte_carlo_variance.csv'.
Updated CSV file name: '../Simulation_06/results/monte_carlo_runtime.csv'.
z_1 = -1 + 0 * i, z_2 = -1 + 0 * i, t = 0.9, estimated_value u(z,t) = -0.763422 + -0.339467 * i, Execution time: 7.41168 seconds.
Sample variance (real, imag) = 1.96178, 1.739.
Updated CSV file name: '../Simulation_06/results/monte_carlo_mean.csv'.
Updated CSV file name: '../Simulation_06/results/monte_carlo_variance.csv'.
Updated CSV file name: '../Simulation_06/results/monte_carlo_runtime.csv'.
z_1 = -1 + 0 * i, z_2 = -1 + 0 * i, t = 1, estimated_value u(z,t) = -0.802083 + -0.2982 * i, Execution time: 7.32663 seconds.
Sample variance (real, imag) = 3.33812, 3.08009.
Updated CSV file name: '../Simulation_06/results/monte_carlo_mean.csv'.
Updated CSV file name: '../Simulation_06/results/monte_carlo_variance.csv'.
Updated CSV file name: '../Simulation_06/results/monte_carlo_runtime.csv'.
z_1 = -1 + 0 * i, z_2 = -1 + 0 * i, t = 1.1, estimated_value u(z,t) = -0.837747 + -0.260738 * i, Execution time: 7.12681 seconds.
Sample variance (real, imag) = 6.8323, 6.89946.
Updated CSV file name: '../Simulation_06/results/monte_carlo_mean.csv'.
Updated CSV file name: '../Simulation_06/results/monte_carlo_variance.csv'.
Updated CSV file name: '../Simulation_06/results/monte_carlo_runtime.csv'.
z_1 = -1 + 0 * i, z_2 = -1 + 0 * i, t = 1.2, estimated_value u(z,t) = -0.867319 + -0.228017 * i, Execution time: 8.08292 seconds.
Sample variance (real, imag) = 33.2584, 23.397.
Updated CSV file name: '../Simulation_06/results/monte_carlo_mean.csv'.
Updated CSV file name: '../Simulation_06/results/monte_carlo_variance.csv'.
Updated CSV file name: '../Simulation_06/results/monte_carlo_runtime.csv'.
z_1 = -1 + 0 * i, z_2 = -1 + 0 * i, t = 1.3, estimated_value u(z,t) = -0.883113 + -0.198346 * i, Execution time: 7.4808 seconds.
Sample variance (real, imag) = 167.291, 162.794.
Updated CSV file name: '../Simulation_06/results/monte_carlo_mean.csv'.
Updated CSV file name: '../Simulation_06/results/monte_carlo_variance.csv'.
Updated CSV file name: '../Simulation_06/results/monte_carlo_runtime.csv'.
z_1 = -1 + 0 * i, z_2 = -1 + 0 * i, t = 1.4, estimated_value u(z,t) = -0.872911 + -0.203752 * i, Execution time: 8.52517 seconds.
Sample variance (real, imag) = 4567.42, 11783.1.
Updated CSV file name: '../Simulation_06/results/monte_carlo_mean.csv'.
Updated CSV file name: '../Simulation_06/results/monte_carlo_variance.csv'.
Updated CSV file name: '../Simulation_06/results/monte_carlo_runtime.csv'.
z_1 = -1 + 0 * i, z_2 = -1 + 0 * i, t = 1.5, estimated_value u(z,t) = -0.939655 + -0.258084 * i, Execution time: 8.70103 seconds.
Sample variance (real, imag) = 169970, 336835.
Updated CSV file name: '../Simulation_06/results/monte_carlo_mean.csv'.
Updated CSV file name: '../Simulation_06/results/monte_carlo_variance.csv'.
Updated CSV file name: '../Simulation_06/results/monte_carlo_runtime.csv'.
z_1 = -1 + 0 * i, z_2 = -1 + 0 * i, t = 1.6, estimated_value u(z,t) = -4.49169 + -2.21309 * i, Execution time: 8.96528 seconds.
Sample variance (real, imag) = 1.62778e+08, 6.4422e+07.
Updated CSV file name: '../Simulation_06/results/monte_carlo_mean.csv'.
Updated CSV file name: '../Simulation_06/results/monte_carlo_variance.csv'.
Updated CSV file name: '../Simulation_06/results/monte_carlo_runtime.csv'.
z_1 = -1 + 0 * i, z_2 = -1 + 0 * i, t = 1.7, estimated_value u(z,t) = 76.8438 + -286.783 * i, Execution time: 9.47264 seconds.
Sample variance (real, imag) = 2.68661e+11, 6.83422e+11.
Updated CSV file name: '../Simulation_06/results/monte_carlo_mean.csv'.
Updated CSV file name: '../Simulation_06/results/monte_carlo_variance.csv'.
Updated CSV file name: '../Simulation_06/results/monte_carlo_runtime.csv'.
z_1 = -1 + 0 * i, z_2 = -1 + 0 * i, t = 1.8, estimated_value u(z,t) = -2513.17 + 3310.65 * i, Execution time: 9.05941 seconds.
Sample variance (real, imag) = 6.52654e+13, 1.75843e+14.
Updated CSV file name: '../Simulation_06/results/monte_carlo_mean.csv'.
Updated CSV file name: '../Simulation_06/results/monte_carlo_variance.csv'.
Updated CSV file name: '../Simulation_06/results/monte_carlo_runtime.csv'.
z_1 = -1 + 0 * i, z_2 = -1 + 0 * i, t = 1.9, estimated_value u(z,t) = -55825.2 + -229256 * i, Execution time: 9.50468 seconds.
Sample variance (real, imag) = 2.05011e+17, 5.70093e+17.
Updated CSV file name: '../Simulation_06/results/monte_carlo_mean.csv'.
Updated CSV file name: '../Simulation_06/results/monte_carlo_variance.csv'.
Updated CSV file name: '../Simulation_06/results/monte_carlo_runtime.csv'.
z_1 = -1 + 0 * i, z_2 = -1 + 0 * i, t = 2, estimated_value u(z,t) = 5.21331e+06 + 1.27639e+06 * i, Execution time: 10.1436 seconds.
Sample variance (real, imag) = 1.65234e+20, 1.45438e+19.
Updated CSV file name: '../Simulation_06/results/monte_carlo_mean.csv'.
Updated CSV file name: '../Simulation_06/results/monte_carlo_variance.csv'.
Updated CSV file name: '../Simulation_06/results/monte_carlo_runtime.csv'.
z_1 = -1 + 0 * i, z_2 = -1 + 0 * i, t = 2.1, estimated_value u(z,t) = 3.80704e+07 + 1.33865e+07 * i, Execution time: 10.8582 seconds.
Sample variance (real, imag) = 1.03634e+22, 4.89391e+21.
Updated CSV file name: '../Simulation_06/results/monte_carlo_mean.csv'.
Updated CSV file name: '../Simulation_06/results/monte_carlo_variance.csv'.
Updated CSV file name: '../Simulation_06/results/monte_carlo_runtime.csv'.
z_1 = -1 + 0 * i, z_2 = -1 + 0 * i, t = 2.2, estimated_value u(z,t) = 2.87774e+07 + 549134 * i, Execution time: 10.9176 seconds.
Sample variance (real, imag) = 9.01656e+22, 1.21686e+22.
Updated CSV file name: '../Simulation_06/results/monte_carlo_mean.csv'.
Updated CSV file name: '../Simulation_06/results/monte_carlo_variance.csv'.
Updated CSV file name: '../Simulation_06/results/monte_carlo_runtime.csv'.
z_1 = -1 + 0 * i, z_2 = -1 + 0 * i, t = 2.3, estimated_value u(z,t) = 1.00847e+10 + 1.47129e+10 * i, Execution time: 11.5957 seconds.
Sample variance (real, imag) = 9.83009e+26, 2.41148e+27.
Updated CSV file name: '../Simulation_06/results/monte_carlo_mean.csv'.
Updated CSV file name: '../Simulation_06/results/monte_carlo_variance.csv'.
Updated CSV file name: '../Simulation_06/results/monte_carlo_runtime.csv'.
z_1 = -1 + 0 * i, z_2 = -1 + 0 * i, t = 2.4, estimated_value u(z,t) = 6.93492e+13 + 1.78693e+13 * i, Execution time: 11.8841 seconds.
Sample variance (real, imag) = 4.81253e+34, 2.62683e+33.
Updated CSV file name: '../Simulation_06/results/monte_carlo_mean.csv'.
Updated CSV file name: '../Simulation_06/results/monte_carlo_variance.csv'.
Updated CSV file name: '../Simulation_06/results/monte_carlo_runtime.csv'.
z_1 = -1 + 0 * i, z_2 = -1 + 0 * i, t = 2.5, estimated_value u(z,t) = -1.4732e+15 + -1.46866e+14 * i, Execution time: 12.2464 seconds.
Sample variance (real, imag) = 2.12418e+37, 2.55161e+35.
Updated CSV file name: '../Simulation_06/results/monte_carlo_mean.csv'.
Updated CSV file name: '../Simulation_06/results/monte_carlo_variance.csv'.
Updated CSV file name: '../Simulation_06/results/monte_carlo_runtime.csv'.
z_1 = -1 + 0 * i, z_2 = -1 + 0 * i, t = 2.6, estimated_value u(z,t) = -1.21037e+15 + 5.70901e+15 * i, Execution time: 12.7956 seconds.
Sample variance (real, imag) = 2.53013e+38, 2.17365e+38.
Updated CSV file name: '../Simulation_06/results/monte_carlo_mean.csv'.
Updated CSV file name: '../Simulation_06/results/monte_carlo_variance.csv'.
Updated CSV file name: '../Simulation_06/results/monte_carlo_runtime.csv'.
z_1 = -1 + 0 * i, z_2 = -1 + 0 * i, t = 2.7, estimated_value u(z,t) = 6.3813e+17 + 1.0813e+18 * i, Execution time: 13.1027 seconds.
Sample variance (real, imag) = 4.61397e+42, 2.50729e+43.
Updated CSV file name: '../Simulation_06/results/monte_carlo_mean.csv'.
Updated CSV file name: '../Simulation_06/results/monte_carlo_variance.csv'.
Updated CSV file name: '../Simulation_06/results/monte_carlo_runtime.csv'.
z_1 = -1 + 0 * i, z_2 = -1 + 0 * i, t = 2.8, estimated_value u(z,t) = 1.44586e+19 + -1.27382e+18 * i, Execution time: 13.5127 seconds.
Sample variance (real, imag) = 1.30807e+45, 2.19401e+45.
Updated CSV file name: '../Simulation_06/results/monte_carlo_mean.csv'.
Updated CSV file name: '../Simulation_06/results/monte_carlo_variance.csv'.
Updated CSV file name: '../Simulation_06/results/monte_carlo_runtime.csv'.
z_1 = -1 + 0 * i, z_2 = -1 + 0 * i, t = 2.9, estimated_value u(z,t) = -4.06313e+25 + -2.59079e+26 * i, Execution time: 14.3703 seconds.
Sample variance (real, imag) = 1.65024e+58, 6.71233e+59.
Updated CSV file name: '../Simulation_06/results/monte_carlo_mean.csv'.
Updated CSV file name: '../Simulation_06/results/monte_carlo_variance.csv'.
Updated CSV file name: '../Simulation_06/results/monte_carlo_runtime.csv'.
z_1 = -1 + 0 * i, z_2 = -1 + 0 * i, t = 3, estimated_value u(z,t) = 5.12071e+29 + 9.91924e+29 * i, Execution time: 14.2003 seconds.
Sample variance (real, imag) = 2.62217e+66, 9.83914e+66.
Updated CSV file name: '../Simulation_06/results/monte_carlo_mean.csv'.
Updated CSV file name: '../Simulation_06/results/monte_carlo_variance.csv'.
Updated CSV file name: '../Simulation_06/results/monte_carlo_runtime.csv'.
