z_1 = -1 + 0 * i, z_2 = -1 + 0 * i, z_3 = -1 + 0 * i, t = 0, estimated_value u(z,t) = 0 + -0.85451 * i, Execution time: 4.59123 seconds.
Sample variance (real, imag) = 0, 7.40112e-21.
Updated CSV file name: '../Simulation_09/results/monte_carlo_mean.csv'.
Updated CSV file name: '../Simulation_09/results/monte_carlo_variance.csv'.
Updated CSV file name: '../Simulation_09/results/monte_carlo_runtime.csv'.
z_1 = -1 + 0 * i, z_2 = -1 + 0 * i, z_3 = -1 + 0 * i, t = 0.1, estimated_value u(z,t) = -0.140313 + -0.844766 * i, Execution time: 4.76478 seconds.
Sample variance (real, imag) = 0.00769356, 0.0373234.
Updated CSV file name: '../Simulation_09/results/monte_carlo_mean.csv'.
Updated CSV file name: '../Simulation_09/results/monte_carlo_variance.csv'.
Updated CSV file name: '../Simulation_09/results/monte_carlo_runtime.csv'.
z_1 = -1 + 0 * i, z_2 = -1 + 0 * i, z_3 = -1 + 0 * i, t = 0.2, estimated_value u(z,t) = -0.274784 + -0.816319 * i, Execution time: 5.06034 seconds.
Sample variance (real, imag) = 0.0373613, 0.112712.
Updated CSV file name: '../Simulation_09/results/monte_carlo_mean.csv'.
Updated CSV file name: '../Simulation_09/results/monte_carlo_variance.csv'.
Updated CSV file name: '../Simulation_09/results/monte_carlo_runtime.csv'.
z_1 = -1 + 0 * i, z_2 = -1 + 0 * i, z_3 = -1 + 0 * i, t = 0.3, estimated_value u(z,t) = -0.398843 + -0.772791 * i, Execution time: 6.04706 seconds.
Sample variance (real, imag) = 0.105477, 0.233539.
Updated CSV file name: '../Simulation_09/results/monte_carlo_mean.csv'.
Updated CSV file name: '../Simulation_09/results/monte_carlo_variance.csv'.
Updated CSV file name: '../Simulation_09/results/monte_carlo_runtime.csv'.
z_1 = -1 + 0 * i, z_2 = -1 + 0 * i, z_3 = -1 + 0 * i, t = 0.4, estimated_value u(z,t) = -0.50885 + -0.717487 * i, Execution time: 6.14866 seconds.
Sample variance (real, imag) = 0.239239, 0.407822.
Updated CSV file name: '../Simulation_09/results/monte_carlo_mean.csv'.
Updated CSV file name: '../Simulation_09/results/monte_carlo_variance.csv'.
Updated CSV file name: '../Simulation_09/results/monte_carlo_runtime.csv'.
z_1 = -1 + 0 * i, z_2 = -1 + 0 * i, z_3 = -1 + 0 * i, t = 0.5, estimated_value u(z,t) = -0.603075 + -0.65449 * i, Execution time: 6.49335 seconds.
Sample variance (real, imag) = 0.478247, 0.653005.
Updated CSV file name: '../Simulation_09/results/monte_carlo_mean.csv'.
Updated CSV file name: '../Simulation_09/results/monte_carlo_variance.csv'.
Updated CSV file name: '../Simulation_09/results/monte_carlo_runtime.csv'.
z_1 = -1 + 0 * i, z_2 = -1 + 0 * i, z_3 = -1 + 0 * i, t = 0.6, estimated_value u(z,t) = -0.683573 + -0.590116 * i, Execution time: 6.43432 seconds.
Sample variance (real, imag) = 0.87935, 1.00754.
Updated CSV file name: '../Simulation_09/results/monte_carlo_mean.csv'.
Updated CSV file name: '../Simulation_09/results/monte_carlo_variance.csv'.
Updated CSV file name: '../Simulation_09/results/monte_carlo_runtime.csv'.
z_1 = -1 + 0 * i, z_2 = -1 + 0 * i, z_3 = -1 + 0 * i, t = 0.7, estimated_value u(z,t) = -0.748204 + -0.524506 * i, Execution time: 6.07945 seconds.
Sample variance (real, imag) = 1.56186, 1.60314.
Updated CSV file name: '../Simulation_09/results/monte_carlo_mean.csv'.
Updated CSV file name: '../Simulation_09/results/monte_carlo_variance.csv'.
Updated CSV file name: '../Simulation_09/results/monte_carlo_runtime.csv'.
z_1 = -1 + 0 * i, z_2 = -1 + 0 * i, z_3 = -1 + 0 * i, t = 0.8, estimated_value u(z,t) = -0.800549 + -0.462653 * i, Execution time: 6.23028 seconds.
Sample variance (real, imag) = 2.83149, 2.78124.
Updated CSV file name: '../Simulation_09/results/monte_carlo_mean.csv'.
Updated CSV file name: '../Simulation_09/results/monte_carlo_variance.csv'.
Updated CSV file name: '../Simulation_09/results/monte_carlo_runtime.csv'.
z_1 = -1 + 0 * i, z_2 = -1 + 0 * i, z_3 = -1 + 0 * i, t = 0.9, estimated_value u(z,t) = -0.841968 + -0.404277 * i, Execution time: 6.29086 seconds.
Sample variance (real, imag) = 5.90957, 5.88201.
Updated CSV file name: '../Simulation_09/results/monte_carlo_mean.csv'.
Updated CSV file name: '../Simulation_09/results/monte_carlo_variance.csv'.
Updated CSV file name: '../Simulation_09/results/monte_carlo_runtime.csv'.
z_1 = -1 + 0 * i, z_2 = -1 + 0 * i, z_3 = -1 + 0 * i, t = 1, estimated_value u(z,t) = -0.874832 + -0.351336 * i, Execution time: 6.55777 seconds.
Sample variance (real, imag) = 18.6551, 19.239.
Updated CSV file name: '../Simulation_09/results/monte_carlo_mean.csv'.
Updated CSV file name: '../Simulation_09/results/monte_carlo_variance.csv'.
Updated CSV file name: '../Simulation_09/results/monte_carlo_runtime.csv'.
z_1 = -1 + 0 * i, z_2 = -1 + 0 * i, z_3 = -1 + 0 * i, t = 1.1, estimated_value u(z,t) = -0.902439 + -0.307652 * i, Execution time: 7.19379 seconds.
Sample variance (real, imag) = 334.909, 207.781.
Updated CSV file name: '../Simulation_09/results/monte_carlo_mean.csv'.
Updated CSV file name: '../Simulation_09/results/monte_carlo_variance.csv'.
Updated CSV file name: '../Simulation_09/results/monte_carlo_runtime.csv'.
z_1 = -1 + 0 * i, z_2 = -1 + 0 * i, z_3 = -1 + 0 * i, t = 1.2, estimated_value u(z,t) = -0.916277 + -0.29834 * i, Execution time: 7.4663 seconds.
Sample variance (real, imag) = 2821.88, 5911.81.
Updated CSV file name: '../Simulation_09/results/monte_carlo_mean.csv'.
Updated CSV file name: '../Simulation_09/results/monte_carlo_variance.csv'.
Updated CSV file name: '../Simulation_09/results/monte_carlo_runtime.csv'.
z_1 = -1 + 0 * i, z_2 = -1 + 0 * i, z_3 = -1 + 0 * i, t = 1.3, estimated_value u(z,t) = -1.19023 + -0.224157 * i, Execution time: 7.74855 seconds.
Sample variance (real, imag) = 342061, 163078.
Updated CSV file name: '../Simulation_09/results/monte_carlo_mean.csv'.
Updated CSV file name: '../Simulation_09/results/monte_carlo_variance.csv'.
Updated CSV file name: '../Simulation_09/results/monte_carlo_runtime.csv'.
z_1 = -1 + 0 * i, z_2 = -1 + 0 * i, z_3 = -1 + 0 * i, t = 1.4, estimated_value u(z,t) = 2.04315 + -2.27119 * i, Execution time: 8.39979 seconds.
Sample variance (real, imag) = 4.62313e+07, 4.9158e+07.
Updated CSV file name: '../Simulation_09/results/monte_carlo_mean.csv'.
Updated CSV file name: '../Simulation_09/results/monte_carlo_variance.csv'.
Updated CSV file name: '../Simulation_09/results/monte_carlo_runtime.csv'.
z_1 = -1 + 0 * i, z_2 = -1 + 0 * i, z_3 = -1 + 0 * i, t = 1.5, estimated_value u(z,t) = 16.1973 + 111.38 * i, Execution time: 7.8473 seconds.
Sample variance (real, imag) = 1.17258e+11, 1.74336e+11.
Updated CSV file name: '../Simulation_09/results/monte_carlo_mean.csv'.
Updated CSV file name: '../Simulation_09/results/monte_carlo_variance.csv'.
Updated CSV file name: '../Simulation_09/results/monte_carlo_runtime.csv'.
z_1 = -1 + 0 * i, z_2 = -1 + 0 * i, z_3 = -1 + 0 * i, t = 1.6, estimated_value u(z,t) = -2843.36 + -2074.14 * i, Execution time: 8.27403 seconds.
Sample variance (real, imag) = 1.20616e+14, 3.02248e+13.
Updated CSV file name: '../Simulation_09/results/monte_carlo_mean.csv'.
Updated CSV file name: '../Simulation_09/results/monte_carlo_variance.csv'.
Updated CSV file name: '../Simulation_09/results/monte_carlo_runtime.csv'.
z_1 = -1 + 0 * i, z_2 = -1 + 0 * i, z_3 = -1 + 0 * i, t = 1.7, estimated_value u(z,t) = 4779.07 + 2014.4 * i, Execution time: 8.6471 seconds.
Sample variance (real, imag) = 8.40461e+13, 1.64858e+14.
Updated CSV file name: '../Simulation_09/results/monte_carlo_mean.csv'.
Updated CSV file name: '../Simulation_09/results/monte_carlo_variance.csv'.
Updated CSV file name: '../Simulation_09/results/monte_carlo_runtime.csv'.
z_1 = -1 + 0 * i, z_2 = -1 + 0 * i, z_3 = -1 + 0 * i, t = 1.8, estimated_value u(z,t) = 62574.5 + 9712.49 * i, Execution time: 8.86943 seconds.
Sample variance (real, imag) = 8.4014e+16, 5.21564e+16.
Updated CSV file name: '../Simulation_09/results/monte_carlo_mean.csv'.
Updated CSV file name: '../Simulation_09/results/monte_carlo_variance.csv'.
Updated CSV file name: '../Simulation_09/results/monte_carlo_runtime.csv'.
z_1 = -1 + 0 * i, z_2 = -1 + 0 * i, z_3 = -1 + 0 * i, t = 1.9, estimated_value u(z,t) = -9.28596e+06 + 3.36691e+07 * i, Execution time: 9.71694 seconds.
Sample variance (real, imag) = 1.42691e+21, 1.16527e+22.
Updated CSV file name: '../Simulation_09/results/monte_carlo_mean.csv'.
Updated CSV file name: '../Simulation_09/results/monte_carlo_variance.csv'.
Updated CSV file name: '../Simulation_09/results/monte_carlo_runtime.csv'.
z_1 = -1 + 0 * i, z_2 = -1 + 0 * i, z_3 = -1 + 0 * i, t = 2, estimated_value u(z,t) = 1.57725e+07 + 2.38557e+07 * i, Execution time: 9.40349 seconds.
Sample variance (real, imag) = 3.3564e+21, 4.81016e+21.
Updated CSV file name: '../Simulation_09/results/monte_carlo_mean.csv'.
Updated CSV file name: '../Simulation_09/results/monte_carlo_variance.csv'.
Updated CSV file name: '../Simulation_09/results/monte_carlo_runtime.csv'.
z_1 = -1 + 0 * i, z_2 = -1 + 0 * i, z_3 = -1 + 0 * i, t = 2.1, estimated_value u(z,t) = -5.51192e+08 + 5.91064e+08 * i, Execution time: 9.98894 seconds.
Sample variance (real, imag) = 2.87568e+24, 1.30379e+25.
Updated CSV file name: '../Simulation_09/results/monte_carlo_mean.csv'.
Updated CSV file name: '../Simulation_09/results/monte_carlo_variance.csv'.
Updated CSV file name: '../Simulation_09/results/monte_carlo_runtime.csv'.
z_1 = -1 + 0 * i, z_2 = -1 + 0 * i, z_3 = -1 + 0 * i, t = 2.2, estimated_value u(z,t) = -2.81953e+11 + -1.44006e+11 * i, Execution time: 10.4071 seconds.
Sample variance (real, imag) = 5.60032e+29, 4.48435e+29.
Updated CSV file name: '../Simulation_09/results/monte_carlo_mean.csv'.
Updated CSV file name: '../Simulation_09/results/monte_carlo_variance.csv'.
Updated CSV file name: '../Simulation_09/results/monte_carlo_runtime.csv'.
z_1 = -1 + 0 * i, z_2 = -1 + 0 * i, z_3 = -1 + 0 * i, t = 2.3, estimated_value u(z,t) = 3.07684e+16 + 5.23976e+15 * i, Execution time: 10.3889 seconds.
Sample variance (real, imag) = 9.50761e+39, 2.74288e+38.
Updated CSV file name: '../Simulation_09/results/monte_carlo_mean.csv'.
Updated CSV file name: '../Simulation_09/results/monte_carlo_variance.csv'.
Updated CSV file name: '../Simulation_09/results/monte_carlo_runtime.csv'.
z_1 = -1 + 0 * i, z_2 = -1 + 0 * i, z_3 = -1 + 0 * i, t = 2.4, estimated_value u(z,t) = -6.72524e+12 + 1.17901e+14 * i, Execution time: 10.9514 seconds.
Sample variance (real, imag) = 1.84499e+33, 2.48198e+35.
Updated CSV file name: '../Simulation_09/results/monte_carlo_mean.csv'.
Updated CSV file name: '../Simulation_09/results/monte_carlo_variance.csv'.
Updated CSV file name: '../Simulation_09/results/monte_carlo_runtime.csv'.
z_1 = -1 + 0 * i, z_2 = -1 + 0 * i, z_3 = -1 + 0 * i, t = 2.5, estimated_value u(z,t) = -1.34787e+18 + -1.8964e+18 * i, Execution time: 10.9825 seconds.
Sample variance (real, imag) = 1.90088e+43, 2.42601e+43.
Updated CSV file name: '../Simulation_09/results/monte_carlo_mean.csv'.
Updated CSV file name: '../Simulation_09/results/monte_carlo_variance.csv'.
Updated CSV file name: '../Simulation_09/results/monte_carlo_runtime.csv'.
z_1 = -1 + 0 * i, z_2 = -1 + 0 * i, z_3 = -1 + 0 * i, t = 2.6, estimated_value u(z,t) = 6.05177e+18 + 3.16652e+18 * i, Execution time: 11.4241 seconds.
Sample variance (real, imag) = 3.6675e+44, 1.0407e+44.
Updated CSV file name: '../Simulation_09/results/monte_carlo_mean.csv'.
Updated CSV file name: '../Simulation_09/results/monte_carlo_variance.csv'.
Updated CSV file name: '../Simulation_09/results/monte_carlo_runtime.csv'.
z_1 = -1 + 0 * i, z_2 = -1 + 0 * i, z_3 = -1 + 0 * i, t = 2.7, estimated_value u(z,t) = -4.09526e+19 + 7.48019e+18 * i, Execution time: 11.9868 seconds.
Sample variance (real, imag) = 1.6418e+46, 7.67897e+44.
Updated CSV file name: '../Simulation_09/results/monte_carlo_mean.csv'.
Updated CSV file name: '../Simulation_09/results/monte_carlo_variance.csv'.
Updated CSV file name: '../Simulation_09/results/monte_carlo_runtime.csv'.
z_1 = -1 + 0 * i, z_2 = -1 + 0 * i, z_3 = -1 + 0 * i, t = 2.8, estimated_value u(z,t) = -1.40648e+25 + -7.24152e+25 * i, Execution time: 12.3148 seconds.
Sample variance (real, imag) = 1.97286e+57, 5.24332e+58.
Updated CSV file name: '../Simulation_09/results/monte_carlo_mean.csv'.
Updated CSV file name: '../Simulation_09/results/monte_carlo_variance.csv'.
Updated CSV file name: '../Simulation_09/results/monte_carlo_runtime.csv'.
z_1 = -1 + 0 * i, z_2 = -1 + 0 * i, z_3 = -1 + 0 * i, t = 2.9, estimated_value u(z,t) = 9.41705e+25 + 5.72326e+25 * i, Execution time: 12.9118 seconds.
Sample variance (real, imag) = 8.5929e+58, 2.93024e+58.
Updated CSV file name: '../Simulation_09/results/monte_carlo_mean.csv'.
Updated CSV file name: '../Simulation_09/results/monte_carlo_variance.csv'.
Updated CSV file name: '../Simulation_09/results/monte_carlo_runtime.csv'.
z_1 = -1 + 0 * i, z_2 = -1 + 0 * i, z_3 = -1 + 0 * i, t = 3, estimated_value u(z,t) = -5.43854e+26 + -7.48495e+26 * i, Execution time: 12.8784 seconds.
Sample variance (real, imag) = 3.00356e+60, 5.59765e+60.
Updated CSV file name: '../Simulation_09/results/monte_carlo_mean.csv'.
Updated CSV file name: '../Simulation_09/results/monte_carlo_variance.csv'.
Updated CSV file name: '../Simulation_09/results/monte_carlo_runtime.csv'.
