x_1 = 4, x_2 = 4, t = 0, estimated_value = 0.09375, Execution time: 22.1245 seconds.
Updated CSV with x_1 = 4, x_2 = 4, t = 0, estimated_value = 0.09375
x_1 = 4, x_2 = 4, t = 0.1, estimated_value = 0.0898241, Execution time: 26.69 seconds.
Updated CSV with x_1 = 4, x_2 = 4, t = 0.1, estimated_value = 0.0898241
x_1 = 4, x_2 = 4, t = 0.2, estimated_value = 0.0861174, Execution time: 31.8325 seconds.
Updated CSV with x_1 = 4, x_2 = 4, t = 0.2, estimated_value = 0.0861174
x_1 = 4, x_2 = 4, t = 0.3, estimated_value = 0.0826658, Execution time: 37.381 seconds.
Updated CSV with x_1 = 4, x_2 = 4, t = 0.3, estimated_value = 0.0826658
x_1 = 4, x_2 = 4, t = 0.4, estimated_value = 0.0793882, Execution time: 43.5609 seconds.
Updated CSV with x_1 = 4, x_2 = 4, t = 0.4, estimated_value = 0.0793882
x_1 = 4, x_2 = 4, t = 0.5, estimated_value = 0.0763177, Execution time: 50.421 seconds.
Updated CSV with x_1 = 4, x_2 = 4, t = 0.5, estimated_value = 0.0763177
x_1 = 4, x_2 = 4, t = 0.6, estimated_value = 0.0734437, Execution time: 57.9521 seconds.
Updated CSV with x_1 = 4, x_2 = 4, t = 0.6, estimated_value = 0.0734437
x_1 = 4, x_2 = 4, t = 0.7, estimated_value = 0.070706, Execution time: 66.3166 seconds.
Updated CSV with x_1 = 4, x_2 = 4, t = 0.7, estimated_value = 0.070706
x_1 = 4, x_2 = 4, t = 0.8, estimated_value = 0.0681197, Execution time: 75.5862 seconds.
Updated CSV with x_1 = 4, x_2 = 4, t = 0.8, estimated_value = 0.0681197
x_1 = 4, x_2 = 4, t = 0.9, estimated_value = 0.0656299, Execution time: 85.8126 seconds.
Updated CSV with x_1 = 4, x_2 = 4, t = 0.9, estimated_value = 0.0656299
x_1 = 4, x_2 = 4, t = 1, estimated_value = 0.0633753, Execution time: 97.1199 seconds.
Updated CSV with x_1 = 4, x_2 = 4, t = 1, estimated_value = 0.0633753
x_1 = 4, x_2 = 4, t = 1.1, estimated_value = 0.0611573, Execution time: 109.575 seconds.
Updated CSV with x_1 = 4, x_2 = 4, t = 1.1, estimated_value = 0.0611573
x_1 = 4, x_2 = 4, t = 1.2, estimated_value = 0.0590819, Execution time: 123.294 seconds.
Updated CSV with x_1 = 4, x_2 = 4, t = 1.2, estimated_value = 0.0590819
x_1 = 4, x_2 = 4, t = 1.3, estimated_value = 0.0570919, Execution time: 138.53 seconds.
Updated CSV with x_1 = 4, x_2 = 4, t = 1.3, estimated_value = 0.0570919
x_1 = 4, x_2 = 4, t = 1.4, estimated_value = 0.0552504, Execution time: 155.419 seconds.
Updated CSV with x_1 = 4, x_2 = 4, t = 1.4, estimated_value = 0.0552504
x_1 = 4, x_2 = 4, t = 1.5, estimated_value = 0.0533959, Execution time: 174.079 seconds.
Updated CSV with x_1 = 4, x_2 = 4, t = 1.5, estimated_value = 0.0533959
x_1 = 4, x_2 = 4, t = 1.6, estimated_value = 0.0517078, Execution time: 194.591 seconds.
Updated CSV with x_1 = 4, x_2 = 4, t = 1.6, estimated_value = 0.0517078
x_1 = 4, x_2 = 4, t = 1.7, estimated_value = 0.0500946, Execution time: 217.274 seconds.
Updated CSV with x_1 = 4, x_2 = 4, t = 1.7, estimated_value = 0.0500946
x_1 = 4, x_2 = 4, t = 1.8, estimated_value = 0.0485675, Execution time: 242.51 seconds.
Updated CSV with x_1 = 4, x_2 = 4, t = 1.8, estimated_value = 0.0485675
x_1 = 4, x_2 = 4, t = 1.9, estimated_value = 0.0470503, Execution time: 270.314 seconds.
Updated CSV with x_1 = 4, x_2 = 4, t = 1.9, estimated_value = 0.0470503
x_1 = 4, x_2 = 4, t = 2, estimated_value = 0.0456252, Execution time: 300.923 seconds.
Updated CSV with x_1 = 4, x_2 = 4, t = 2, estimated_value = 0.0456252
x_1 = 4, x_2 = 4, t = 2.1, estimated_value = 0.0442721, Execution time: 334.926 seconds.
Updated CSV with x_1 = 4, x_2 = 4, t = 2.1, estimated_value = 0.0442721
x_1 = 4, x_2 = 4, t = 2.2, estimated_value = 0.0430501, Execution time: 372.209 seconds.
Updated CSV with x_1 = 4, x_2 = 4, t = 2.2, estimated_value = 0.0430501
x_1 = 4, x_2 = 4, t = 2.3, estimated_value = 0.0417185, Execution time: 413.787 seconds.
Updated CSV with x_1 = 4, x_2 = 4, t = 2.3, estimated_value = 0.0417185
x_1 = 4, x_2 = 4, t = 2.4, estimated_value = 0.0405273, Execution time: 459.278 seconds.
Updated CSV with x_1 = 4, x_2 = 4, t = 2.4, estimated_value = 0.0405273
x_1 = 4, x_2 = 4, t = 2.5, estimated_value = 0.0395144, Execution time: 510.207 seconds.
Updated CSV with x_1 = 4, x_2 = 4, t = 2.5, estimated_value = 0.0395144
x_1 = 4, x_2 = 4, t = 2.6, estimated_value = 0.0383015, Execution time: 565.788 seconds.
Updated CSV with x_1 = 4, x_2 = 4, t = 2.6, estimated_value = 0.0383015
x_1 = 4, x_2 = 4, t = 2.7, estimated_value = 0.0371566, Execution time: 628.071 seconds.
Updated CSV with x_1 = 4, x_2 = 4, t = 2.7, estimated_value = 0.0371566
x_1 = 4, x_2 = 4, t = 2.8, estimated_value = 0.0363602, Execution time: 695.983 seconds.
Updated CSV with x_1 = 4, x_2 = 4, t = 2.8, estimated_value = 0.0363602
x_1 = 4, x_2 = 4, t = 2.9, estimated_value = 0.0354991, Execution time: 771.483 seconds.
Updated CSV with x_1 = 4, x_2 = 4, t = 2.9, estimated_value = 0.0354991
x_1 = 4, x_2 = 4, t = 3, estimated_value = 0.0344361, Execution time: 854.635 seconds.
Updated CSV with x_1 = 4, x_2 = 4, t = 3, estimated_value = 0.0344361
x_1 = 4, x_2 = 4, t = 3.1, estimated_value = 0.0335538, Execution time: 946.426 seconds.
Updated CSV with x_1 = 4, x_2 = 4, t = 3.1, estimated_value = 0.0335538
x_1 = 4, x_2 = 4, t = 3.2, estimated_value = 0.0328316, Execution time: 1047.84 seconds.
Updated CSV with x_1 = 4, x_2 = 4, t = 3.2, estimated_value = 0.0328316
x_1 = 4, x_2 = 4, t = 3.3, estimated_value = 0.0320672, Execution time: 1161.18 seconds.
Updated CSV with x_1 = 4, x_2 = 4, t = 3.3, estimated_value = 0.0320672
x_1 = 4, x_2 = 4, t = 3.4, estimated_value = 0.0310232, Execution time: 1286 seconds.
Updated CSV with x_1 = 4, x_2 = 4, t = 3.4, estimated_value = 0.0310232
x_1 = 4, x_2 = 4, t = 3.5, estimated_value = 0.0308393, Execution time: 1423.22 seconds.
Updated CSV with x_1 = 4, x_2 = 4, t = 3.5, estimated_value = 0.0308393
x_1 = 4, x_2 = 4, t = 3.6, estimated_value = 0.0295731, Execution time: 1575.68 seconds.
Updated CSV with x_1 = 4, x_2 = 4, t = 3.6, estimated_value = 0.0295731
x_1 = 4, x_2 = 4, t = 3.7, estimated_value = 0.0290806, Execution time: 1743.53 seconds.
Updated CSV with x_1 = 4, x_2 = 4, t = 3.7, estimated_value = 0.0290806
x_1 = 4, x_2 = 4, t = 3.8, estimated_value = 0.0289623, Execution time: 1930.21 seconds.
Updated CSV with x_1 = 4, x_2 = 4, t = 3.8, estimated_value = 0.0289623
x_1 = 4, x_2 = 4, t = 3.9, estimated_value = 0.0276245, Execution time: 2135.5 seconds.
Updated CSV with x_1 = 4, x_2 = 4, t = 3.9, estimated_value = 0.0276245
x_1 = 4, x_2 = 4, t = 4, estimated_value = 0.0262776, Execution time: 2359.96 seconds.
Updated CSV with x_1 = 4, x_2 = 4, t = 4, estimated_value = 0.0262776
